# JRE version: OpenJDK Runtime Environment (8.0_112-b21) (build 1.8.0_112-release-736-b21)
# Java VM: OpenJDK 64-Bit Server VM (25.112-b21 mixed mode linux-amd64 compressed oops)
Heap:
 par new generation   total 39296K, used 7524K [0x00000000d1200000, 0x00000000d3ca0000, 0x00000000db860000)
  eden space 34944K,   9% used [0x00000000d1200000, 0x00000000d1519048, 0x00000000d3420000)
  from space 4352K, 100% used [0x00000000d3860000, 0x00000000d3ca0000, 0x00000000d3ca0000)
  to   space 4352K,   0% used [0x00000000d3420000, 0x00000000d3420000, 0x00000000d3860000)
 concurrent mark-sweep generation total 282012K, used 152908K [0x00000000db860000, 0x00000000ecbc7000, 0x0000000100000000)
 Metaspace       used 174747K, capacity 185009K, committed 186036K, reserved 1210368K
  class space    used 23445K, capacity 25410K, committed 25620K, reserved 1048576K
GC Heap History (10 events):
Event: 2342,092 GC heap before
{Heap before GC invocations=220 (full 26):
 par new generation   total 39296K, used 39296K [0x00000000d1200000, 0x00000000d3ca0000, 0x00000000db860000)
  eden space 34944K, 100% used [0x00000000d1200000, 0x00000000d3420000, 0x00000000d3420000)
  from space 4352K, 100% used [0x00000000d3420000, 0x00000000d3860000, 0x00000000d3860000)
  to   space 4352K,   0% used [0x00000000d3860000, 0x00000000d3860000, 0x00000000d3ca0000)
 concurrent mark-sweep generation total 282012K, used 139938K [0x00000000db860000, 0x00000000ecbc7000, 0x0000000100000000)
 Metaspace       used 173912K, capacity 184023K, committed 185140K, reserved 1208320K
  class space    used 23390K, capacity 25319K, committed 25492K, reserved 1048576K
Event: 2342,105 GC heap after
Heap after GC invocations=221 (full 26):
 par new generation   total 39296K, used 4352K [0x00000000d1200000, 0x00000000d3ca0000, 0x00000000db860000)
  eden space 34944K,   0% used [0x00000000d1200000, 0x00000000d1200000, 0x00000000d3420000)
  from space 4352K, 100% used [0x00000000d3860000, 0x00000000d3ca0000, 0x00000000d3ca0000)
  to   space 4352K,   0% used [0x00000000d3420000, 0x00000000d3420000, 0x00000000d3860000)
 concurrent mark-sweep generation total 282012K, used 142918K [0x00000000db860000, 0x00000000ecbc7000, 0x0000000100000000)
 Metaspace       used 173912K, capacity 184023K, committed 185140K, reserved 1208320K
  class space    used 23390K, capacity 25319K, committed 25492K, reserved 1048576K
}
Event: 2342,468 GC heap before
{Heap before GC invocations=221 (full 26):
 par new generation   total 39296K, used 39296K [0x00000000d1200000, 0x00000000d3ca0000, 0x00000000db860000)
  eden space 34944K, 100% used [0x00000000d1200000, 0x00000000d3420000, 0x00000000d3420000)
  from space 4352K, 100% used [0x00000000d3860000, 0x00000000d3ca0000, 0x00000000d3ca0000)
  to   space 4352K,   0% used [0x00000000d3420000, 0x00000000d3420000, 0x00000000d3860000)
 concurrent mark-sweep generation total 282012K, used 142918K [0x00000000db860000, 0x00000000ecbc7000, 0x0000000100000000)
 Metaspace       used 174062K, capacity 184277K, committed 185524K, reserved 1210368K
  class space    used 23400K, capacity 25356K, committed 25620K, reserved 1048576K
Event: 2342,488 GC heap after
Heap after GC invocations=222 (full 26):
 par new generation   total 39296K, used 4352K [0x00000000d1200000, 0x00000000d3ca0000, 0x00000000db860000)
  eden space 34944K,   0% used [0x00000000d1200000, 0x00000000d1200000, 0x00000000d3420000)
  from space 4352K, 100% used [0x00000000d3420000, 0x00000000d3860000, 0x00000000d3860000)
  to   space 4352K,   0% used [0x00000000d3860000, 0x00000000d3860000, 0x00000000d3ca0000)
 concurrent mark-sweep generation total 282012K, used 145236K [0x00000000db860000, 0x00000000ecbc7000, 0x0000000100000000)
 Metaspace       used 174062K, capacity 184277K, committed 185524K, reserved 1210368K
  class space    used 23400K, capacity 25356K, committed 25620K, reserved 1048576K
}
Event: 2342,796 GC heap before
{Heap before GC invocations=222 (full 26):
 par new generation   total 39296K, used 39296K [0x00000000d1200000, 0x00000000d3ca0000, 0x00000000db860000)
  eden space 34944K, 100% used [0x00000000d1200000, 0x00000000d3420000, 0x00000000d3420000)
  from space 4352K, 100% used [0x00000000d3420000, 0x00000000d3860000, 0x00000000d3860000)
  to   space 4352K,   0% used [0x00000000d3860000, 0x00000000d3860000, 0x00000000d3ca0000)
 concurrent mark-sweep generation total 282012K, used 145236K [0x00000000db860000, 0x00000000ecbc7000, 0x0000000100000000)
 Metaspace       used 174085K, capacity 184325K, committed 185524K, reserved 1210368K
  class space    used 23405K, capacity 25364K, committed 25620K, reserved 1048576K
Event: 2342,901 GC heap after
Heap after GC invocations=223 (full 26):
 par new generation   total 39296K, used 4352K [0x00000000d1200000, 0x00000000d3ca0000, 0x00000000db860000)
  eden space 34944K,   0% used [0x00000000d1200000, 0x00000000d1200000, 0x00000000d3420000)
  from space 4352K, 100% used [0x00000000d3860000, 0x00000000d3ca0000, 0x00000000d3ca0000)
  to   space 4352K,   0% used [0x00000000d3420000, 0x00000000d3420000, 0x00000000d3860000)
 concurrent mark-sweep generation total 282012K, used 170018K [0x00000000db860000, 0x00000000ecbc7000, 0x0000000100000000)
 Metaspace       used 174085K, capacity 184325K, committed 185524K, reserved 1210368K
  class space    used 23405K, capacity 25364K, committed 25620K, reserved 1048576K
}
Event: 2344,124 GC heap before
{Heap before GC invocations=223 (full 27):
 par new generation   total 39296K, used 39296K [0x00000000d1200000, 0x00000000d3ca0000, 0x00000000db860000)
  eden space 34944K, 100% used [0x00000000d1200000, 0x00000000d3420000, 0x00000000d3420000)
  from space 4352K, 100% used [0x00000000d3860000, 0x00000000d3ca0000, 0x00000000d3ca0000)
  to   space 4352K,   0% used [0x00000000d3420000, 0x00000000d3420000, 0x00000000d3860000)
 concurrent mark-sweep generation total 282012K, used 170018K [0x00000000db860000, 0x00000000ecbc7000, 0x0000000100000000)
 Metaspace       used 174543K, capacity 184773K, committed 185780K, reserved 1210368K
  class space    used 23428K, capacity 25376K, committed 25620K, reserved 1048576K
Event: 2344,161 GC heap after
Heap after GC invocations=224 (full 27):
 par new generation   total 39296K, used 4084K [0x00000000d1200000, 0x00000000d3ca0000, 0x00000000db860000)
  eden space 34944K,   0% used [0x00000000d1200000, 0x00000000d1200000, 0x00000000d3420000)
  from space 4352K,  93% used [0x00000000d3420000, 0x00000000d381d1a0, 0x00000000d3860000)
  to   space 4352K,   0% used [0x00000000d3860000, 0x00000000d3860000, 0x00000000d3ca0000)
 concurrent mark-sweep generation total 282012K, used 174370K [0x00000000db860000, 0x00000000ecbc7000, 0x0000000100000000)
 Metaspace       used 174543K, capacity 184773K, committed 185780K, reserved 1210368K
  class space    used 23428K, capacity 25376K, committed 25620K, reserved 1048576K
}
Event: 2344,937 GC heap before
{Heap before GC invocations=224 (full 27):
 par new generation   total 39296K, used 39028K [0x00000000d1200000, 0x00000000d3ca0000, 0x00000000db860000)
  eden space 34944K, 100% used [0x00000000d1200000, 0x00000000d3420000, 0x00000000d3420000)
  from space 4352K,  93% used [0x00000000d3420000, 0x00000000d381d1a0, 0x00000000d3860000)
  to   space 4352K,   0% used [0x00000000d3860000, 0x00000000d3860000, 0x00000000d3ca0000)
 concurrent mark-sweep generation total 282012K, used 161586K [0x00000000db860000, 0x00000000ecbc7000, 0x0000000100000000)
 Metaspace       used 174747K, capacity 185009K, committed 186036K, reserved 1210368K
  class space    used 23445K, capacity 25410K, committed 25620K, reserved 1048576K
Event: 2344,950 GC heap after
Heap after GC invocations=225 (full 27):
 par new generation   total 39296K, used 4352K [0x00000000d1200000, 0x00000000d3ca0000, 0x00000000db860000)
  eden space 34944K,   0% used [0x00000000d1200000, 0x00000000d1200000, 0x00000000d3420000)
  from space 4352K, 100% used [0x00000000d3860000, 0x00000000d3ca0000, 0x00000000d3ca0000)
  to   space 4352K,   0% used [0x00000000d3420000, 0x00000000d3420000, 0x00000000d3860000)
 concurrent mark-sweep generation total 282012K, used 161988K [0x00000000db860000, 0x00000000ecbc7000, 0x0000000100000000)
 Metaspace       used 174747K, capacity 185009K, committed 186036K, reserved 1210368K
  class space    used 23445K, capacity 25410K, committed 25620K, reserved 1048576K
}

