# JRE version: OpenJDK Runtime Environment (8.0_112-b21) (build 1.8.0_112-release-736-b21)
# Java VM: OpenJDK 64-Bit Server VM (25.112-b21 mixed mode linux-amd64 compressed oops)
Heap:
 par new generation   total 39296K, used 27040K [0x00000000d1200000, 0x00000000d3ca0000, 0x00000000db860000)
  eden space 34944K,  65% used [0x00000000d1200000, 0x00000000d284cbe8, 0x00000000d3420000)
  from space 4352K,  96% used [0x00000000d3420000, 0x00000000d383b500, 0x00000000d3860000)
  to   space 4352K,   0% used [0x00000000d3860000, 0x00000000d3860000, 0x00000000d3ca0000)
 concurrent mark-sweep generation total 206924K, used 129783K [0x00000000db860000, 0x00000000e8273000, 0x0000000100000000)
 Metaspace       used 133560K, capacity 139580K, committed 139824K, reserved 1169408K
  class space    used 18226K, capacity 19590K, committed 19640K, reserved 1048576K
GC Heap History (10 events):
Event: 93,540 GC heap before
{Heap before GC invocations=233 (full 9):
 par new generation   total 39296K, used 37701K [0x00000000d1200000, 0x00000000d3ca0000, 0x00000000db860000)
  eden space 34944K, 100% used [0x00000000d1200000, 0x00000000d3420000, 0x00000000d3420000)
  from space 4352K,  63% used [0x00000000d3860000, 0x00000000d3b116d0, 0x00000000d3ca0000)
  to   space 4352K,   0% used [0x00000000d3420000, 0x00000000d3420000, 0x00000000d3860000)
 concurrent mark-sweep generation total 206924K, used 122780K [0x00000000db860000, 0x00000000e8273000, 0x0000000100000000)
 Metaspace       used 133558K, capacity 139580K, committed 139824K, reserved 1169408K
  class space    used 18226K, capacity 19590K, committed 19640K, reserved 1048576K
Event: 93,561 GC heap after
Heap after GC invocations=234 (full 9):
 par new generation   total 39296K, used 4352K [0x00000000d1200000, 0x00000000d3ca0000, 0x00000000db860000)
  eden space 34944K,   0% used [0x00000000d1200000, 0x00000000d1200000, 0x00000000d3420000)
  from space 4352K, 100% used [0x00000000d3420000, 0x00000000d3860000, 0x00000000d3860000)
  to   space 4352K,   0% used [0x00000000d3860000, 0x00000000d3860000, 0x00000000d3ca0000)
 concurrent mark-sweep generation total 206924K, used 123714K [0x00000000db860000, 0x00000000e8273000, 0x0000000100000000)
 Metaspace       used 133558K, capacity 139580K, committed 139824K, reserved 1169408K
  class space    used 18226K, capacity 19590K, committed 19640K, reserved 1048576K
}
Event: 93,748 GC heap before
{Heap before GC invocations=234 (full 9):
 par new generation   total 39296K, used 39296K [0x00000000d1200000, 0x00000000d3ca0000, 0x00000000db860000)
  eden space 34944K, 100% used [0x00000000d1200000, 0x00000000d3420000, 0x00000000d3420000)
  from space 4352K, 100% used [0x00000000d3420000, 0x00000000d3860000, 0x00000000d3860000)
  to   space 4352K,   0% used [0x00000000d3860000, 0x00000000d3860000, 0x00000000d3ca0000)
 concurrent mark-sweep generation total 206924K, used 123714K [0x00000000db860000, 0x00000000e8273000, 0x0000000100000000)
 Metaspace       used 133558K, capacity 139580K, committed 139824K, reserved 1169408K
  class space    used 18226K, capacity 19590K, committed 19640K, reserved 1048576K
Event: 93,780 GC heap after
Heap after GC invocations=235 (full 9):
 par new generation   total 39296K, used 4352K [0x00000000d1200000, 0x00000000d3ca0000, 0x00000000db860000)
  eden space 34944K,   0% used [0x00000000d1200000, 0x00000000d1200000, 0x00000000d3420000)
  from space 4352K, 100% used [0x00000000d3860000, 0x00000000d3ca0000, 0x00000000d3ca0000)
  to   space 4352K,   0% used [0x00000000d3420000, 0x00000000d3420000, 0x00000000d3860000)
 concurrent mark-sweep generation total 206924K, used 127605K [0x00000000db860000, 0x00000000e8273000, 0x0000000100000000)
 Metaspace       used 133558K, capacity 139580K, committed 139824K, reserved 1169408K
  class space    used 18226K, capacity 19590K, committed 19640K, reserved 1048576K
}
Event: 93,980 GC heap before
{Heap before GC invocations=235 (full 9):
 par new generation   total 39296K, used 39296K [0x00000000d1200000, 0x00000000d3ca0000, 0x00000000db860000)
  eden space 34944K, 100% used [0x00000000d1200000, 0x00000000d3420000, 0x00000000d3420000)
  from space 4352K, 100% used [0x00000000d3860000, 0x00000000d3ca0000, 0x00000000d3ca0000)
  to   space 4352K,   0% used [0x00000000d3420000, 0x00000000d3420000, 0x00000000d3860000)
 concurrent mark-sweep generation total 206924K, used 127605K [0x00000000db860000, 0x00000000e8273000, 0x0000000100000000)
 Metaspace       used 133559K, capacity 139580K, committed 139824K, reserved 1169408K
  class space    used 18226K, capacity 19590K, committed 19640K, reserved 1048576K
Event: 93,999 GC heap after
Heap after GC invocations=236 (full 9):
 par new generation   total 39296K, used 3219K [0x00000000d1200000, 0x00000000d3ca0000, 0x00000000db860000)
  eden space 34944K,   0% used [0x00000000d1200000, 0x00000000d1200000, 0x00000000d3420000)
  from space 4352K,  73% used [0x00000000d3420000, 0x00000000d3744de0, 0x00000000d3860000)
  to   space 4352K,   0% used [0x00000000d3860000, 0x00000000d3860000, 0x00000000d3ca0000)
 concurrent mark-sweep generation total 206924K, used 129243K [0x00000000db860000, 0x00000000e8273000, 0x0000000100000000)
 Metaspace       used 133559K, capacity 139580K, committed 139824K, reserved 1169408K
  class space    used 18226K, capacity 19590K, committed 19640K, reserved 1048576K
}
Event: 94,207 GC heap before
{Heap before GC invocations=236 (full 9):
 par new generation   total 39296K, used 38163K [0x00000000d1200000, 0x00000000d3ca0000, 0x00000000db860000)
  eden space 34944K, 100% used [0x00000000d1200000, 0x00000000d3420000, 0x00000000d3420000)
  from space 4352K,  73% used [0x00000000d3420000, 0x00000000d3744de0, 0x00000000d3860000)
  to   space 4352K,   0% used [0x00000000d3860000, 0x00000000d3860000, 0x00000000d3ca0000)
 concurrent mark-sweep generation total 206924K, used 129243K [0x00000000db860000, 0x00000000e8273000, 0x0000000100000000)
 Metaspace       used 133559K, capacity 139580K, committed 139824K, reserved 1169408K
  class space    used 18226K, capacity 19590K, committed 19640K, reserved 1048576K
Event: 94,217 GC heap after
Heap after GC invocations=237 (full 9):
 par new generation   total 39296K, used 2704K [0x00000000d1200000, 0x00000000d3ca0000, 0x00000000db860000)
  eden space 34944K,   0% used [0x00000000d1200000, 0x00000000d1200000, 0x00000000d3420000)
  from space 4352K,  62% used [0x00000000d3860000, 0x00000000d3b041d8, 0x00000000d3ca0000)
  to   space 4352K,   0% used [0x00000000d3420000, 0x00000000d3420000, 0x00000000d3860000)
 concurrent mark-sweep generation total 206924K, used 129243K [0x00000000db860000, 0x00000000e8273000, 0x0000000100000000)
 Metaspace       used 133559K, capacity 139580K, committed 139824K, reserved 1169408K
  class space    used 18226K, capacity 19590K, committed 19640K, reserved 1048576K
}
Event: 94,418 GC heap before
{Heap before GC invocations=237 (full 9):
 par new generation   total 39296K, used 37648K [0x00000000d1200000, 0x00000000d3ca0000, 0x00000000db860000)
  eden space 34944K, 100% used [0x00000000d1200000, 0x00000000d3420000, 0x00000000d3420000)
  from space 4352K,  62% used [0x00000000d3860000, 0x00000000d3b041d8, 0x00000000d3ca0000)
  to   space 4352K,   0% used [0x00000000d3420000, 0x00000000d3420000, 0x00000000d3860000)
 concurrent mark-sweep generation total 206924K, used 129243K [0x00000000db860000, 0x00000000e8273000, 0x0000000100000000)
 Metaspace       used 133559K, capacity 139580K, committed 139824K, reserved 1169408K
  class space    used 18226K, capacity 19590K, committed 19640K, reserved 1048576K
Event: 94,433 GC heap after
Heap after GC invocations=238 (full 9):
 par new generation   total 39296K, used 4205K [0x00000000d1200000, 0x00000000d3ca0000, 0x00000000db860000)
  eden space 34944K,   0% used [0x00000000d1200000, 0x00000000d1200000, 0x00000000d3420000)
  from space 4352K,  96% used [0x00000000d3420000, 0x00000000d383b500, 0x00000000d3860000)
  to   space 4352K,   0% used [0x00000000d3860000, 0x00000000d3860000, 0x00000000d3ca0000)
 concurrent mark-sweep generation total 206924K, used 129783K [0x00000000db860000, 0x00000000e8273000, 0x0000000100000000)
 Metaspace       used 133559K, capacity 139580K, committed 139824K, reserved 1169408K
  class space    used 18226K, capacity 19590K, committed 19640K, reserved 1048576K
}

