# JRE version: OpenJDK Runtime Environment (8.0_112-b21) (build 1.8.0_112-release-736-b21)
# Java VM: OpenJDK 64-Bit Server VM (25.112-b21 mixed mode linux-amd64 compressed oops)
Heap:
 par new generation   total 39296K, used 5598K [0x00000000d1200000, 0x00000000d3ca0000, 0x00000000db860000)
  eden space 34944K,   3% used [0x00000000d1200000, 0x00000000d1337bd8, 0x00000000d3420000)
  from space 4352K, 100% used [0x00000000d3860000, 0x00000000d3ca0000, 0x00000000d3ca0000)
  to   space 4352K,   0% used [0x00000000d3420000, 0x00000000d3420000, 0x00000000d3860000)
 concurrent mark-sweep generation total 344196K, used 298314K [0x00000000db860000, 0x00000000f0881000, 0x0000000100000000)
 Metaspace       used 175832K, capacity 186847K, committed 187100K, reserved 1212416K
  class space    used 22939K, capacity 25080K, committed 25164K, reserved 1048576K
GC Heap History (10 events):
Event: 2238,318 GC heap before
{Heap before GC invocations=420 (full 20):
 par new generation   total 39296K, used 36674K [0x00000000d1200000, 0x00000000d3ca0000, 0x00000000db860000)
  eden space 34944K, 100% used [0x00000000d1200000, 0x00000000d3420000, 0x00000000d3420000)
  from space 4352K,  39% used [0x00000000d3420000, 0x00000000d35d0bb8, 0x00000000d3860000)
  to   space 4352K,   0% used [0x00000000d3860000, 0x00000000d3860000, 0x00000000d3ca0000)
 concurrent mark-sweep generation total 344196K, used 247122K [0x00000000db860000, 0x00000000f0881000, 0x0000000100000000)
 Metaspace       used 175484K, capacity 186181K, committed 186716K, reserved 1210368K
  class space    used 22879K, capacity 24969K, committed 25036K, reserved 1048576K
Event: 2238,328 GC heap after
Heap after GC invocations=421 (full 20):
 par new generation   total 39296K, used 1721K [0x00000000d1200000, 0x00000000d3ca0000, 0x00000000db860000)
  eden space 34944K,   0% used [0x00000000d1200000, 0x00000000d1200000, 0x00000000d3420000)
  from space 4352K,  39% used [0x00000000d3860000, 0x00000000d3a0e578, 0x00000000d3ca0000)
  to   space 4352K,   0% used [0x00000000d3420000, 0x00000000d3420000, 0x00000000d3860000)
 concurrent mark-sweep generation total 344196K, used 247154K [0x00000000db860000, 0x00000000f0881000, 0x0000000100000000)
 Metaspace       used 175484K, capacity 186181K, committed 186716K, reserved 1210368K
  class space    used 22879K, capacity 24969K, committed 25036K, reserved 1048576K
}
Event: 2238,745 GC heap before
{Heap before GC invocations=421 (full 20):
 par new generation   total 39296K, used 36665K [0x00000000d1200000, 0x00000000d3ca0000, 0x00000000db860000)
  eden space 34944K, 100% used [0x00000000d1200000, 0x00000000d3420000, 0x00000000d3420000)
  from space 4352K,  39% used [0x00000000d3860000, 0x00000000d3a0e578, 0x00000000d3ca0000)
  to   space 4352K,   0% used [0x00000000d3420000, 0x00000000d3420000, 0x00000000d3860000)
 concurrent mark-sweep generation total 344196K, used 247154K [0x00000000db860000, 0x00000000f0881000, 0x0000000100000000)
 Metaspace       used 175506K, capacity 186223K, committed 186716K, reserved 1210368K
  class space    used 22883K, capacity 24976K, committed 25036K, reserved 1048576K
Event: 2238,782 GC heap after
Heap after GC invocations=422 (full 20):
 par new generation   total 39296K, used 4352K [0x00000000d1200000, 0x00000000d3ca0000, 0x00000000db860000)
  eden space 34944K,   0% used [0x00000000d1200000, 0x00000000d1200000, 0x00000000d3420000)
  from space 4352K, 100% used [0x00000000d3420000, 0x00000000d3860000, 0x00000000d3860000)
  to   space 4352K,   0% used [0x00000000d3860000, 0x00000000d3860000, 0x00000000d3ca0000)
 concurrent mark-sweep generation total 344196K, used 249549K [0x00000000db860000, 0x00000000f0881000, 0x0000000100000000)
 Metaspace       used 175506K, capacity 186223K, committed 186716K, reserved 1210368K
  class space    used 22883K, capacity 24976K, committed 25036K, reserved 1048576K
}
Event: 2238,921 GC heap before
{Heap before GC invocations=422 (full 20):
 par new generation   total 39296K, used 39296K [0x00000000d1200000, 0x00000000d3ca0000, 0x00000000db860000)
  eden space 34944K, 100% used [0x00000000d1200000, 0x00000000d3420000, 0x00000000d3420000)
  from space 4352K, 100% used [0x00000000d3420000, 0x00000000d3860000, 0x00000000d3860000)
  to   space 4352K,   0% used [0x00000000d3860000, 0x00000000d3860000, 0x00000000d3ca0000)
 concurrent mark-sweep generation total 344196K, used 249549K [0x00000000db860000, 0x00000000f0881000, 0x0000000100000000)
 Metaspace       used 175506K, capacity 186223K, committed 186716K, reserved 1210368K
  class space    used 22883K, capacity 24976K, committed 25036K, reserved 1048576K
Event: 2239,037 GC heap after
Heap after GC invocations=423 (full 20):
 par new generation   total 39296K, used 4352K [0x00000000d1200000, 0x00000000d3ca0000, 0x00000000db860000)
  eden space 34944K,   0% used [0x00000000d1200000, 0x00000000d1200000, 0x00000000d3420000)
  from space 4352K, 100% used [0x00000000d3860000, 0x00000000d3ca0000, 0x00000000d3ca0000)
  to   space 4352K,   0% used [0x00000000d3420000, 0x00000000d3420000, 0x00000000d3860000)
 concurrent mark-sweep generation total 344196K, used 271455K [0x00000000db860000, 0x00000000f0881000, 0x0000000100000000)
 Metaspace       used 175506K, capacity 186223K, committed 186716K, reserved 1210368K
  class space    used 22883K, capacity 24976K, committed 25036K, reserved 1048576K
}
Event: 2239,594 GC heap before
{Heap before GC invocations=423 (full 21):
 par new generation   total 39296K, used 39296K [0x00000000d1200000, 0x00000000d3ca0000, 0x00000000db860000)
  eden space 34944K, 100% used [0x00000000d1200000, 0x00000000d3420000, 0x00000000d3420000)
  from space 4352K, 100% used [0x00000000d3860000, 0x00000000d3ca0000, 0x00000000d3ca0000)
  to   space 4352K,   0% used [0x00000000d3420000, 0x00000000d3420000, 0x00000000d3860000)
 concurrent mark-sweep generation total 344196K, used 271455K [0x00000000db860000, 0x00000000f0881000, 0x0000000100000000)
 Metaspace       used 175832K, capacity 186847K, committed 187100K, reserved 1212416K
  class space    used 22939K, capacity 25080K, committed 25164K, reserved 1048576K
Event: 2239,617 GC heap after
Heap after GC invocations=424 (full 21):
 par new generation   total 39296K, used 4130K [0x00000000d1200000, 0x00000000d3ca0000, 0x00000000db860000)
  eden space 34944K,   0% used [0x00000000d1200000, 0x00000000d1200000, 0x00000000d3420000)
  from space 4352K,  94% used [0x00000000d3420000, 0x00000000d3828878, 0x00000000d3860000)
  to   space 4352K,   0% used [0x00000000d3860000, 0x00000000d3860000, 0x00000000d3ca0000)
 concurrent mark-sweep generation total 344196K, used 275786K [0x00000000db860000, 0x00000000f0881000, 0x0000000100000000)
 Metaspace       used 175832K, capacity 186847K, committed 187100K, reserved 1212416K
  class space    used 22939K, capacity 25080K, committed 25164K, reserved 1048576K
}
Event: 2239,886 GC heap before
{Heap before GC invocations=424 (full 21):
 par new generation   total 39296K, used 39074K [0x00000000d1200000, 0x00000000d3ca0000, 0x00000000db860000)
  eden space 34944K, 100% used [0x00000000d1200000, 0x00000000d3420000, 0x00000000d3420000)
  from space 4352K,  94% used [0x00000000d3420000, 0x00000000d3828878, 0x00000000d3860000)
  to   space 4352K,   0% used [0x00000000d3860000, 0x00000000d3860000, 0x00000000d3ca0000)
 concurrent mark-sweep generation total 344196K, used 275786K [0x00000000db860000, 0x00000000f0881000, 0x0000000100000000)
 Metaspace       used 175832K, capacity 186847K, committed 187100K, reserved 1212416K
  class space    used 22939K, capacity 25080K, committed 25164K, reserved 1048576K
Event: 2240,011 GC heap after
Heap after GC invocations=425 (full 21):
 par new generation   total 39296K, used 4352K [0x00000000d1200000, 0x00000000d3ca0000, 0x00000000db860000)
  eden space 34944K,   0% used [0x00000000d1200000, 0x00000000d1200000, 0x00000000d3420000)
  from space 4352K, 100% used [0x00000000d3860000, 0x00000000d3ca0000, 0x00000000d3ca0000)
  to   space 4352K,   0% used [0x00000000d3420000, 0x00000000d3420000, 0x00000000d3860000)
 concurrent mark-sweep generation total 344196K, used 298314K [0x00000000db860000, 0x00000000f0881000, 0x0000000100000000)
 Metaspace       used 175832K, capacity 186847K, committed 187100K, reserved 1212416K
  class space    used 22939K, capacity 25080K, committed 25164K, reserved 1048576K
}

