# JRE version: OpenJDK Runtime Environment (8.0_112-b21) (build 1.8.0_112-release-736-b21)
# Java VM: OpenJDK 64-Bit Server VM (25.112-b21 mixed mode linux-amd64 compressed oops)
Heap:
 par new generation   total 39296K, used 38901K [0x00000000d1200000, 0x00000000d3ca0000, 0x00000000db860000)
  eden space 34944K,  98% used [0x00000000d1200000, 0x00000000d33bd750, 0x00000000d3420000)
  from space 4352K, 100% used [0x00000000d3420000, 0x00000000d3860000, 0x00000000d3860000)
  to   space 4352K,   0% used [0x00000000d3860000, 0x00000000d3860000, 0x00000000d3ca0000)
 concurrent mark-sweep generation total 330444K, used 160520K [0x00000000db860000, 0x00000000efb13000, 0x0000000100000000)
 Metaspace       used 176276K, capacity 187417K, committed 187556K, reserved 1212416K
  class space    used 23138K, capacity 25301K, committed 25316K, reserved 1048576K
GC Heap History (10 events):
Event: 1907,662 GC heap before
{Heap before GC invocations=517 (full 32):
 par new generation   total 39296K, used 39296K [0x00000000d1200000, 0x00000000d3ca0000, 0x00000000db860000)
  eden space 34944K, 100% used [0x00000000d1200000, 0x00000000d3420000, 0x00000000d3420000)
  from space 4352K, 100% used [0x00000000d3860000, 0x00000000d3ca0000, 0x00000000d3ca0000)
  to   space 4352K,   0% used [0x00000000d3420000, 0x00000000d3420000, 0x00000000d3860000)
 concurrent mark-sweep generation total 330444K, used 126814K [0x00000000db860000, 0x00000000efb13000, 0x0000000100000000)
 Metaspace       used 176253K, capacity 187417K, committed 187556K, reserved 1212416K
  class space    used 23137K, capacity 25301K, committed 25316K, reserved 1048576K
Event: 1907,701 GC heap after
Heap after GC invocations=518 (full 32):
 par new generation   total 39296K, used 3543K [0x00000000d1200000, 0x00000000d3ca0000, 0x00000000db860000)
  eden space 34944K,   0% used [0x00000000d1200000, 0x00000000d1200000, 0x00000000d3420000)
  from space 4352K,  81% used [0x00000000d3420000, 0x00000000d3795f68, 0x00000000d3860000)
  to   space 4352K,   0% used [0x00000000d3860000, 0x00000000d3860000, 0x00000000d3ca0000)
 concurrent mark-sweep generation total 330444K, used 130293K [0x00000000db860000, 0x00000000efb13000, 0x0000000100000000)
 Metaspace       used 176253K, capacity 187417K, committed 187556K, reserved 1212416K
  class space    used 23137K, capacity 25301K, committed 25316K, reserved 1048576K
}
Event: 1907,921 GC heap before
{Heap before GC invocations=518 (full 32):
 par new generation   total 39296K, used 38487K [0x00000000d1200000, 0x00000000d3ca0000, 0x00000000db860000)
  eden space 34944K, 100% used [0x00000000d1200000, 0x00000000d3420000, 0x00000000d3420000)
  from space 4352K,  81% used [0x00000000d3420000, 0x00000000d3795f68, 0x00000000d3860000)
  to   space 4352K,   0% used [0x00000000d3860000, 0x00000000d3860000, 0x00000000d3ca0000)
 concurrent mark-sweep generation total 330444K, used 130293K [0x00000000db860000, 0x00000000efb13000, 0x0000000100000000)
 Metaspace       used 176260K, capacity 187417K, committed 187556K, reserved 1212416K
  class space    used 23137K, capacity 25301K, committed 25316K, reserved 1048576K
Event: 1908,016 GC heap after
Heap after GC invocations=519 (full 32):
 par new generation   total 39296K, used 4352K [0x00000000d1200000, 0x00000000d3ca0000, 0x00000000db860000)
  eden space 34944K,   0% used [0x00000000d1200000, 0x00000000d1200000, 0x00000000d3420000)
  from space 4352K, 100% used [0x00000000d3860000, 0x00000000d3ca0000, 0x00000000d3ca0000)
  to   space 4352K,   0% used [0x00000000d3420000, 0x00000000d3420000, 0x00000000d3860000)
 concurrent mark-sweep generation total 330444K, used 152083K [0x00000000db860000, 0x00000000efb13000, 0x0000000100000000)
 Metaspace       used 176260K, capacity 187417K, committed 187556K, reserved 1212416K
  class space    used 23137K, capacity 25301K, committed 25316K, reserved 1048576K
}
Event: 1917,720 GC heap before
{Heap before GC invocations=519 (full 32):
 par new generation   total 39296K, used 39296K [0x00000000d1200000, 0x00000000d3ca0000, 0x00000000db860000)
  eden space 34944K, 100% used [0x00000000d1200000, 0x00000000d3420000, 0x00000000d3420000)
  from space 4352K, 100% used [0x00000000d3860000, 0x00000000d3ca0000, 0x00000000d3ca0000)
  to   space 4352K,   0% used [0x00000000d3420000, 0x00000000d3420000, 0x00000000d3860000)
 concurrent mark-sweep generation total 330444K, used 152083K [0x00000000db860000, 0x00000000efb13000, 0x0000000100000000)
 Metaspace       used 176261K, capacity 187417K, committed 187556K, reserved 1212416K
  class space    used 23138K, capacity 25301K, committed 25316K, reserved 1048576K
Event: 1917,757 GC heap after
Heap after GC invocations=520 (full 32):
 par new generation   total 39296K, used 3127K [0x00000000d1200000, 0x00000000d3ca0000, 0x00000000db860000)
  eden space 34944K,   0% used [0x00000000d1200000, 0x00000000d1200000, 0x00000000d3420000)
  from space 4352K,  71% used [0x00000000d3420000, 0x00000000d372de28, 0x00000000d3860000)
  to   space 4352K,   0% used [0x00000000d3860000, 0x00000000d3860000, 0x00000000d3ca0000)
 concurrent mark-sweep generation total 330444K, used 156127K [0x00000000db860000, 0x00000000efb13000, 0x0000000100000000)
 Metaspace       used 176261K, capacity 187417K, committed 187556K, reserved 1212416K
  class space    used 23138K, capacity 25301K, committed 25316K, reserved 1048576K
}
Event: 1918,591 GC heap before
{Heap before GC invocations=520 (full 32):
 par new generation   total 39296K, used 38071K [0x00000000d1200000, 0x00000000d3ca0000, 0x00000000db860000)
  eden space 34944K, 100% used [0x00000000d1200000, 0x00000000d3420000, 0x00000000d3420000)
  from space 4352K,  71% used [0x00000000d3420000, 0x00000000d372de28, 0x00000000d3860000)
  to   space 4352K,   0% used [0x00000000d3860000, 0x00000000d3860000, 0x00000000d3ca0000)
 concurrent mark-sweep generation total 330444K, used 156127K [0x00000000db860000, 0x00000000efb13000, 0x0000000100000000)
 Metaspace       used 176261K, capacity 187417K, committed 187556K, reserved 1212416K
  class space    used 23138K, capacity 25301K, committed 25316K, reserved 1048576K
Event: 1918,610 GC heap after
Heap after GC invocations=521 (full 32):
 par new generation   total 39296K, used 2501K [0x00000000d1200000, 0x00000000d3ca0000, 0x00000000db860000)
  eden space 34944K,   0% used [0x00000000d1200000, 0x00000000d1200000, 0x00000000d3420000)
  from space 4352K,  57% used [0x00000000d3860000, 0x00000000d3ad1490, 0x00000000d3ca0000)
  to   space 4352K,   0% used [0x00000000d3420000, 0x00000000d3420000, 0x00000000d3860000)
 concurrent mark-sweep generation total 330444K, used 158097K [0x00000000db860000, 0x00000000efb13000, 0x0000000100000000)
 Metaspace       used 176261K, capacity 187417K, committed 187556K, reserved 1212416K
  class space    used 23138K, capacity 25301K, committed 25316K, reserved 1048576K
}
Event: 1919,418 GC heap before
{Heap before GC invocations=521 (full 32):
 par new generation   total 39296K, used 37445K [0x00000000d1200000, 0x00000000d3ca0000, 0x00000000db860000)
  eden space 34944K, 100% used [0x00000000d1200000, 0x00000000d3420000, 0x00000000d3420000)
  from space 4352K,  57% used [0x00000000d3860000, 0x00000000d3ad1490, 0x00000000d3ca0000)
  to   space 4352K,   0% used [0x00000000d3420000, 0x00000000d3420000, 0x00000000d3860000)
 concurrent mark-sweep generation total 330444K, used 158097K [0x00000000db860000, 0x00000000efb13000, 0x0000000100000000)
 Metaspace       used 176275K, capacity 187417K, committed 187556K, reserved 1212416K
  class space    used 23138K, capacity 25301K, committed 25316K, reserved 1048576K
Event: 1919,438 GC heap after
Heap after GC invocations=522 (full 32):
 par new generation   total 39296K, used 4352K [0x00000000d1200000, 0x00000000d3ca0000, 0x00000000db860000)
  eden space 34944K,   0% used [0x00000000d1200000, 0x00000000d1200000, 0x00000000d3420000)
  from space 4352K, 100% used [0x00000000d3420000, 0x00000000d3860000, 0x00000000d3860000)
  to   space 4352K,   0% used [0x00000000d3860000, 0x00000000d3860000, 0x00000000d3ca0000)
 concurrent mark-sweep generation total 330444K, used 160520K [0x00000000db860000, 0x00000000efb13000, 0x0000000100000000)
 Metaspace       used 176275K, capacity 187417K, committed 187556K, reserved 1212416K
  class space    used 23138K, capacity 25301K, committed 25316K, reserved 1048576K
}

