# JRE version: OpenJDK Runtime Environment (8.0_112-b21) (build 1.8.0_112-release-736-b21)
# Java VM: OpenJDK 64-Bit Server VM (25.112-b21 mixed mode linux-amd64 compressed oops)
Heap:
 par new generation   total 39296K, used 35276K [0x00000000d1200000, 0x00000000d3ca0000, 0x00000000db860000)
  eden space 34944K,  99% used [0x00000000d1200000, 0x00000000d3403590, 0x00000000d3420000)
  from space 4352K,  10% used [0x00000000d3860000, 0x00000000d38cfae0, 0x00000000d3ca0000)
  to   space 4352K,   0% used [0x00000000d3420000, 0x00000000d3420000, 0x00000000d3860000)
 concurrent mark-sweep generation total 349992K, used 151832K [0x00000000db860000, 0x00000000f0e2a000, 0x0000000100000000)
 Metaspace       used 191690K, capacity 203504K, committed 203776K, reserved 1224704K
  class space    used 25970K, capacity 28258K, committed 28336K, reserved 1048576K
GC Heap History (10 events):
Event: 1652,489 GC heap before
{Heap before GC invocations=1080 (full 27):
 par new generation   total 39296K, used 35803K [0x00000000d1200000, 0x00000000d3ca0000, 0x00000000db860000)
  eden space 34944K, 100% used [0x00000000d1200000, 0x00000000d3420000, 0x00000000d3420000)
  from space 4352K,  19% used [0x00000000d3420000, 0x00000000d34f6e80, 0x00000000d3860000)
  to   space 4352K,   0% used [0x00000000d3860000, 0x00000000d3860000, 0x00000000d3ca0000)
 concurrent mark-sweep generation total 349992K, used 151557K [0x00000000db860000, 0x00000000f0e2a000, 0x0000000100000000)
 Metaspace       used 191624K, capacity 203436K, committed 203520K, reserved 1224704K
  class space    used 25969K, capacity 28258K, committed 28336K, reserved 1048576K
Event: 1652,497 GC heap after
Heap after GC invocations=1081 (full 27):
 par new generation   total 39296K, used 823K [0x00000000d1200000, 0x00000000d3ca0000, 0x00000000db860000)
  eden space 34944K,   0% used [0x00000000d1200000, 0x00000000d1200000, 0x00000000d3420000)
  from space 4352K,  18% used [0x00000000d3860000, 0x00000000d392de40, 0x00000000d3ca0000)
  to   space 4352K,   0% used [0x00000000d3420000, 0x00000000d3420000, 0x00000000d3860000)
 concurrent mark-sweep generation total 349992K, used 151562K [0x00000000db860000, 0x00000000f0e2a000, 0x0000000100000000)
 Metaspace       used 191624K, capacity 203436K, committed 203520K, reserved 1224704K
  class space    used 25969K, capacity 28258K, committed 28336K, reserved 1048576K
}
Event: 1664,862 GC heap before
{Heap before GC invocations=1081 (full 27):
 par new generation   total 39296K, used 35767K [0x00000000d1200000, 0x00000000d3ca0000, 0x00000000db860000)
  eden space 34944K, 100% used [0x00000000d1200000, 0x00000000d3420000, 0x00000000d3420000)
  from space 4352K,  18% used [0x00000000d3860000, 0x00000000d392de40, 0x00000000d3ca0000)
  to   space 4352K,   0% used [0x00000000d3420000, 0x00000000d3420000, 0x00000000d3860000)
 concurrent mark-sweep generation total 349992K, used 151562K [0x00000000db860000, 0x00000000f0e2a000, 0x0000000100000000)
 Metaspace       used 191631K, capacity 203436K, committed 203520K, reserved 1224704K
  class space    used 25969K, capacity 28258K, committed 28336K, reserved 1048576K
Event: 1664,870 GC heap after
Heap after GC invocations=1082 (full 27):
 par new generation   total 39296K, used 894K [0x00000000d1200000, 0x00000000d3ca0000, 0x00000000db860000)
  eden space 34944K,   0% used [0x00000000d1200000, 0x00000000d1200000, 0x00000000d3420000)
  from space 4352K,  20% used [0x00000000d3420000, 0x00000000d34ffa88, 0x00000000d3860000)
  to   space 4352K,   0% used [0x00000000d3860000, 0x00000000d3860000, 0x00000000d3ca0000)
 concurrent mark-sweep generation total 349992K, used 151751K [0x00000000db860000, 0x00000000f0e2a000, 0x0000000100000000)
 Metaspace       used 191631K, capacity 203436K, committed 203520K, reserved 1224704K
  class space    used 25969K, capacity 28258K, committed 28336K, reserved 1048576K
}
Event: 1666,711 GC heap before
{Heap before GC invocations=1082 (full 27):
 par new generation   total 39296K, used 35838K [0x00000000d1200000, 0x00000000d3ca0000, 0x00000000db860000)
  eden space 34944K, 100% used [0x00000000d1200000, 0x00000000d3420000, 0x00000000d3420000)
  from space 4352K,  20% used [0x00000000d3420000, 0x00000000d34ffa88, 0x00000000d3860000)
  to   space 4352K,   0% used [0x00000000d3860000, 0x00000000d3860000, 0x00000000d3ca0000)
 concurrent mark-sweep generation total 349992K, used 151751K [0x00000000db860000, 0x00000000f0e2a000, 0x0000000100000000)
 Metaspace       used 191638K, capacity 203436K, committed 203520K, reserved 1224704K
  class space    used 25969K, capacity 28258K, committed 28336K, reserved 1048576K
Event: 1666,718 GC heap after
Heap after GC invocations=1083 (full 27):
 par new generation   total 39296K, used 851K [0x00000000d1200000, 0x00000000d3ca0000, 0x00000000db860000)
  eden space 34944K,   0% used [0x00000000d1200000, 0x00000000d1200000, 0x00000000d3420000)
  from space 4352K,  19% used [0x00000000d3860000, 0x00000000d3934e08, 0x00000000d3ca0000)
  to   space 4352K,   0% used [0x00000000d3420000, 0x00000000d3420000, 0x00000000d3860000)
 concurrent mark-sweep generation total 349992K, used 151757K [0x00000000db860000, 0x00000000f0e2a000, 0x0000000100000000)
 Metaspace       used 191638K, capacity 203436K, committed 203520K, reserved 1224704K
  class space    used 25969K, capacity 28258K, committed 28336K, reserved 1048576K
}
Event: 1667,234 GC heap before
{Heap before GC invocations=1083 (full 27):
 par new generation   total 39296K, used 35795K [0x00000000d1200000, 0x00000000d3ca0000, 0x00000000db860000)
  eden space 34944K, 100% used [0x00000000d1200000, 0x00000000d3420000, 0x00000000d3420000)
  from space 4352K,  19% used [0x00000000d3860000, 0x00000000d3934e08, 0x00000000d3ca0000)
  to   space 4352K,   0% used [0x00000000d3420000, 0x00000000d3420000, 0x00000000d3860000)
 concurrent mark-sweep generation total 349992K, used 151757K [0x00000000db860000, 0x00000000f0e2a000, 0x0000000100000000)
 Metaspace       used 191658K, capacity 203436K, committed 203520K, reserved 1224704K
  class space    used 25969K, capacity 28258K, committed 28336K, reserved 1048576K
Event: 1667,245 GC heap after
Heap after GC invocations=1084 (full 27):
 par new generation   total 39296K, used 562K [0x00000000d1200000, 0x00000000d3ca0000, 0x00000000db860000)
  eden space 34944K,   0% used [0x00000000d1200000, 0x00000000d1200000, 0x00000000d3420000)
  from space 4352K,  12% used [0x00000000d3420000, 0x00000000d34aca60, 0x00000000d3860000)
  to   space 4352K,   0% used [0x00000000d3860000, 0x00000000d3860000, 0x00000000d3ca0000)
 concurrent mark-sweep generation total 349992K, used 151757K [0x00000000db860000, 0x00000000f0e2a000, 0x0000000100000000)
 Metaspace       used 191658K, capacity 203436K, committed 203520K, reserved 1224704K
  class space    used 25969K, capacity 28258K, committed 28336K, reserved 1048576K
}
Event: 1668,224 GC heap before
{Heap before GC invocations=1084 (full 27):
 par new generation   total 39296K, used 35506K [0x00000000d1200000, 0x00000000d3ca0000, 0x00000000db860000)
  eden space 34944K, 100% used [0x00000000d1200000, 0x00000000d3420000, 0x00000000d3420000)
  from space 4352K,  12% used [0x00000000d3420000, 0x00000000d34aca60, 0x00000000d3860000)
  to   space 4352K,   0% used [0x00000000d3860000, 0x00000000d3860000, 0x00000000d3ca0000)
 concurrent mark-sweep generation total 349992K, used 151757K [0x00000000db860000, 0x00000000f0e2a000, 0x0000000100000000)
 Metaspace       used 191669K, capacity 203436K, committed 203520K, reserved 1224704K
  class space    used 25970K, capacity 28258K, committed 28336K, reserved 1048576K
Event: 1668,231 GC heap after
Heap after GC invocations=1085 (full 27):
 par new generation   total 39296K, used 446K [0x00000000d1200000, 0x00000000d3ca0000, 0x00000000db860000)
  eden space 34944K,   0% used [0x00000000d1200000, 0x00000000d1200000, 0x00000000d3420000)
  from space 4352K,  10% used [0x00000000d3860000, 0x00000000d38cfae0, 0x00000000d3ca0000)
  to   space 4352K,   0% used [0x00000000d3420000, 0x00000000d3420000, 0x00000000d3860000)
 concurrent mark-sweep generation total 349992K, used 151832K [0x00000000db860000, 0x00000000f0e2a000, 0x0000000100000000)
 Metaspace       used 191669K, capacity 203436K, committed 203520K, reserved 1224704K
  class space    used 25970K, capacity 28258K, committed 28336K, reserved 1048576K
}

