# JRE version: OpenJDK Runtime Environment (8.0_112-b21) (build 1.8.0_112-release-736-b21)
# Java VM: OpenJDK 64-Bit Server VM (25.112-b21 mixed mode linux-amd64 compressed oops)
Heap:
 par new generation   total 39296K, used 20876K [0x00000000d1200000, 0x00000000d3ca0000, 0x00000000db860000)
  eden space 34944K,  54% used [0x00000000d1200000, 0x00000000d2489b40, 0x00000000d3420000)
  from space 4352K,  43% used [0x00000000d3420000, 0x00000000d35f9768, 0x00000000d3860000)
  to   space 4352K,   0% used [0x00000000d3860000, 0x00000000d3860000, 0x00000000d3ca0000)
 concurrent mark-sweep generation total 163308K, used 148595K [0x00000000db860000, 0x00000000e57db000, 0x0000000100000000)
 Metaspace       used 145405K, capacity 153594K, committed 153828K, reserved 1181696K
  class space    used 19919K, capacity 21559K, committed 21560K, reserved 1048576K
GC Heap History (10 events):
Event: 17984,881 GC heap before
{Heap before GC invocations=57 (full 5):
 par new generation   total 39296K, used 37574K [0x00000000d1200000, 0x00000000d3ca0000, 0x00000000db860000)
  eden space 34944K, 100% used [0x00000000d1200000, 0x00000000d3420000, 0x00000000d3420000)
  from space 4352K,  60% used [0x00000000d3860000, 0x00000000d3af1948, 0x00000000d3ca0000)
  to   space 4352K,   0% used [0x00000000d3420000, 0x00000000d3420000, 0x00000000d3860000)
 concurrent mark-sweep generation total 163308K, used 146140K [0x00000000db860000, 0x00000000e57db000, 0x0000000100000000)
 Metaspace       used 144730K, capacity 152844K, committed 153060K, reserved 1181696K
  class space    used 19904K, capacity 21548K, committed 21560K, reserved 1048576K
Event: 17984,897 GC heap after
Heap after GC invocations=58 (full 5):
 par new generation   total 39296K, used 3256K [0x00000000d1200000, 0x00000000d3ca0000, 0x00000000db860000)
  eden space 34944K,   0% used [0x00000000d1200000, 0x00000000d1200000, 0x00000000d3420000)
  from space 4352K,  74% used [0x00000000d3420000, 0x00000000d374e318, 0x00000000d3860000)
  to   space 4352K,   0% used [0x00000000d3860000, 0x00000000d3860000, 0x00000000d3ca0000)
 concurrent mark-sweep generation total 163308K, used 146140K [0x00000000db860000, 0x00000000e57db000, 0x0000000100000000)
 Metaspace       used 144730K, capacity 152844K, committed 153060K, reserved 1181696K
  class space    used 19904K, capacity 21548K, committed 21560K, reserved 1048576K
}
Event: 17985,793 GC heap before
{Heap before GC invocations=58 (full 5):
 par new generation   total 39296K, used 38200K [0x00000000d1200000, 0x00000000d3ca0000, 0x00000000db860000)
  eden space 34944K, 100% used [0x00000000d1200000, 0x00000000d3420000, 0x00000000d3420000)
  from space 4352K,  74% used [0x00000000d3420000, 0x00000000d374e318, 0x00000000d3860000)
  to   space 4352K,   0% used [0x00000000d3860000, 0x00000000d3860000, 0x00000000d3ca0000)
 concurrent mark-sweep generation total 163308K, used 146140K [0x00000000db860000, 0x00000000e57db000, 0x0000000100000000)
 Metaspace       used 144932K, capacity 152994K, committed 153060K, reserved 1181696K
  class space    used 19906K, capacity 21551K, committed 21560K, reserved 1048576K
Event: 17985,827 GC heap after
Heap after GC invocations=59 (full 5):
 par new generation   total 39296K, used 2156K [0x00000000d1200000, 0x00000000d3ca0000, 0x00000000db860000)
  eden space 34944K,   0% used [0x00000000d1200000, 0x00000000d1200000, 0x00000000d3420000)
  from space 4352K,  49% used [0x00000000d3860000, 0x00000000d3a7b3a8, 0x00000000d3ca0000)
  to   space 4352K,   0% used [0x00000000d3420000, 0x00000000d3420000, 0x00000000d3860000)
 concurrent mark-sweep generation total 163308K, used 148595K [0x00000000db860000, 0x00000000e57db000, 0x0000000100000000)
 Metaspace       used 144932K, capacity 152994K, committed 153060K, reserved 1181696K
  class space    used 19906K, capacity 21551K, committed 21560K, reserved 1048576K
}
Event: 17997,463 GC heap before
{Heap before GC invocations=59 (full 5):
 par new generation   total 39296K, used 37100K [0x00000000d1200000, 0x00000000d3ca0000, 0x00000000db860000)
  eden space 34944K, 100% used [0x00000000d1200000, 0x00000000d3420000, 0x00000000d3420000)
  from space 4352K,  49% used [0x00000000d3860000, 0x00000000d3a7b3a8, 0x00000000d3ca0000)
  to   space 4352K,   0% used [0x00000000d3420000, 0x00000000d3420000, 0x00000000d3860000)
 concurrent mark-sweep generation total 163308K, used 148595K [0x00000000db860000, 0x00000000e57db000, 0x0000000100000000)
 Metaspace       used 145045K, capacity 153152K, committed 153316K, reserved 1181696K
  class space    used 19908K, capacity 21554K, committed 21560K, reserved 1048576K
Event: 17997,476 GC heap after
Heap after GC invocations=60 (full 5):
 par new generation   total 39296K, used 1470K [0x00000000d1200000, 0x00000000d3ca0000, 0x00000000db860000)
  eden space 34944K,   0% used [0x00000000d1200000, 0x00000000d1200000, 0x00000000d3420000)
  from space 4352K,  33% used [0x00000000d3420000, 0x00000000d358fa28, 0x00000000d3860000)
  to   space 4352K,   0% used [0x00000000d3860000, 0x00000000d3860000, 0x00000000d3ca0000)
 concurrent mark-sweep generation total 163308K, used 148595K [0x00000000db860000, 0x00000000e57db000, 0x0000000100000000)
 Metaspace       used 145045K, capacity 153152K, committed 153316K, reserved 1181696K
  class space    used 19908K, capacity 21554K, committed 21560K, reserved 1048576K
}
Event: 17998,019 GC heap before
{Heap before GC invocations=60 (full 5):
 par new generation   total 39296K, used 36414K [0x00000000d1200000, 0x00000000d3ca0000, 0x00000000db860000)
  eden space 34944K, 100% used [0x00000000d1200000, 0x00000000d3420000, 0x00000000d3420000)
  from space 4352K,  33% used [0x00000000d3420000, 0x00000000d358fa28, 0x00000000d3860000)
  to   space 4352K,   0% used [0x00000000d3860000, 0x00000000d3860000, 0x00000000d3ca0000)
 concurrent mark-sweep generation total 163308K, used 148595K [0x00000000db860000, 0x00000000e57db000, 0x0000000100000000)
 Metaspace       used 145098K, capacity 153156K, committed 153316K, reserved 1181696K
  class space    used 19908K, capacity 21554K, committed 21560K, reserved 1048576K
Event: 17998,038 GC heap after
Heap after GC invocations=61 (full 5):
 par new generation   total 39296K, used 1998K [0x00000000d1200000, 0x00000000d3ca0000, 0x00000000db860000)
  eden space 34944K,   0% used [0x00000000d1200000, 0x00000000d1200000, 0x00000000d3420000)
  from space 4352K,  45% used [0x00000000d3860000, 0x00000000d3a53b18, 0x00000000d3ca0000)
  to   space 4352K,   0% used [0x00000000d3420000, 0x00000000d3420000, 0x00000000d3860000)
 concurrent mark-sweep generation total 163308K, used 148595K [0x00000000db860000, 0x00000000e57db000, 0x0000000100000000)
 Metaspace       used 145098K, capacity 153156K, committed 153316K, reserved 1181696K
  class space    used 19908K, capacity 21554K, committed 21560K, reserved 1048576K
}
Event: 17999,771 GC heap before
{Heap before GC invocations=61 (full 5):
 par new generation   total 39296K, used 36942K [0x00000000d1200000, 0x00000000d3ca0000, 0x00000000db860000)
  eden space 34944K, 100% used [0x00000000d1200000, 0x00000000d3420000, 0x00000000d3420000)
  from space 4352K,  45% used [0x00000000d3860000, 0x00000000d3a53b18, 0x00000000d3ca0000)
  to   space 4352K,   0% used [0x00000000d3420000, 0x00000000d3420000, 0x00000000d3860000)
 concurrent mark-sweep generation total 163308K, used 148595K [0x00000000db860000, 0x00000000e57db000, 0x0000000100000000)
 Metaspace       used 145264K, capacity 153364K, committed 153572K, reserved 1181696K
  class space    used 19908K, capacity 21554K, committed 21560K, reserved 1048576K
Event: 17999,786 GC heap after
Heap after GC invocations=62 (full 5):
 par new generation   total 39296K, used 1893K [0x00000000d1200000, 0x00000000d3ca0000, 0x00000000db860000)
  eden space 34944K,   0% used [0x00000000d1200000, 0x00000000d1200000, 0x00000000d3420000)
  from space 4352K,  43% used [0x00000000d3420000, 0x00000000d35f9768, 0x00000000d3860000)
  to   space 4352K,   0% used [0x00000000d3860000, 0x00000000d3860000, 0x00000000d3ca0000)
 concurrent mark-sweep generation total 163308K, used 148595K [0x00000000db860000, 0x00000000e57db000, 0x0000000100000000)
 Metaspace       used 145264K, capacity 153364K, committed 153572K, reserved 1181696K
  class space    used 19908K, capacity 21554K, committed 21560K, reserved 1048576K
}

