# JRE version: OpenJDK Runtime Environment (8.0_112-b21) (build 1.8.0_112-release-736-b21)
# Java VM: OpenJDK 64-Bit Server VM (25.112-b21 mixed mode linux-amd64 compressed oops)
Heap:
 par new generation   total 39296K, used 19549K [0x00000000d1200000, 0x00000000d3ca0000, 0x00000000db860000)
  eden space 34944K,  48% used [0x00000000d1200000, 0x00000000d2270a60, 0x00000000d3420000)
  from space 4352K,  62% used [0x00000000d3860000, 0x00000000d3b06d98, 0x00000000d3ca0000)
  to   space 4352K,   0% used [0x00000000d3420000, 0x00000000d3420000, 0x00000000d3860000)
 concurrent mark-sweep generation total 226696K, used 96040K [0x00000000db860000, 0x00000000e95c2000, 0x0000000100000000)
 Metaspace       used 137232K, capacity 143908K, committed 144116K, reserved 1173504K
  class space    used 18469K, capacity 19928K, committed 19972K, reserved 1048576K
GC Heap History (10 events):
Event: 136,347 GC heap before
{Heap before GC invocations=172 (full 8):
 par new generation   total 39296K, used 38512K [0x00000000d1200000, 0x00000000d3ca0000, 0x00000000db860000)
  eden space 34944K, 100% used [0x00000000d1200000, 0x00000000d3420000, 0x00000000d3420000)
  from space 4352K,  82% used [0x00000000d3420000, 0x00000000d379c3a8, 0x00000000d3860000)
  to   space 4352K,   0% used [0x00000000d3860000, 0x00000000d3860000, 0x00000000d3ca0000)
 concurrent mark-sweep generation total 226696K, used 94532K [0x00000000db860000, 0x00000000e95c2000, 0x0000000100000000)
 Metaspace       used 137212K, capacity 143908K, committed 144116K, reserved 1173504K
  class space    used 18469K, capacity 19928K, committed 19972K, reserved 1048576K
Event: 136,357 GC heap after
Heap after GC invocations=173 (full 8):
 par new generation   total 39296K, used 3536K [0x00000000d1200000, 0x00000000d3ca0000, 0x00000000db860000)
  eden space 34944K,   0% used [0x00000000d1200000, 0x00000000d1200000, 0x00000000d3420000)
  from space 4352K,  81% used [0x00000000d3860000, 0x00000000d3bd40d0, 0x00000000d3ca0000)
  to   space 4352K,   0% used [0x00000000d3420000, 0x00000000d3420000, 0x00000000d3860000)
 concurrent mark-sweep generation total 226696K, used 94532K [0x00000000db860000, 0x00000000e95c2000, 0x0000000100000000)
 Metaspace       used 137212K, capacity 143908K, committed 144116K, reserved 1173504K
  class space    used 18469K, capacity 19928K, committed 19972K, reserved 1048576K
}
Event: 136,476 GC heap before
{Heap before GC invocations=173 (full 8):
 par new generation   total 39296K, used 38480K [0x00000000d1200000, 0x00000000d3ca0000, 0x00000000db860000)
  eden space 34944K, 100% used [0x00000000d1200000, 0x00000000d3420000, 0x00000000d3420000)
  from space 4352K,  81% used [0x00000000d3860000, 0x00000000d3bd40d0, 0x00000000d3ca0000)
  to   space 4352K,   0% used [0x00000000d3420000, 0x00000000d3420000, 0x00000000d3860000)
 concurrent mark-sweep generation total 226696K, used 94532K [0x00000000db860000, 0x00000000e95c2000, 0x0000000100000000)
 Metaspace       used 137213K, capacity 143908K, committed 144116K, reserved 1173504K
  class space    used 18469K, capacity 19928K, committed 19972K, reserved 1048576K
Event: 136,483 GC heap after
Heap after GC invocations=174 (full 8):
 par new generation   total 39296K, used 2761K [0x00000000d1200000, 0x00000000d3ca0000, 0x00000000db860000)
  eden space 34944K,   0% used [0x00000000d1200000, 0x00000000d1200000, 0x00000000d3420000)
  from space 4352K,  63% used [0x00000000d3420000, 0x00000000d36d24d0, 0x00000000d3860000)
  to   space 4352K,   0% used [0x00000000d3860000, 0x00000000d3860000, 0x00000000d3ca0000)
 concurrent mark-sweep generation total 226696K, used 96040K [0x00000000db860000, 0x00000000e95c2000, 0x0000000100000000)
 Metaspace       used 137213K, capacity 143908K, committed 144116K, reserved 1173504K
  class space    used 18469K, capacity 19928K, committed 19972K, reserved 1048576K
}
Event: 136,631 GC heap before
{Heap before GC invocations=174 (full 8):
 par new generation   total 39296K, used 37705K [0x00000000d1200000, 0x00000000d3ca0000, 0x00000000db860000)
  eden space 34944K, 100% used [0x00000000d1200000, 0x00000000d3420000, 0x00000000d3420000)
  from space 4352K,  63% used [0x00000000d3420000, 0x00000000d36d24d0, 0x00000000d3860000)
  to   space 4352K,   0% used [0x00000000d3860000, 0x00000000d3860000, 0x00000000d3ca0000)
 concurrent mark-sweep generation total 226696K, used 96040K [0x00000000db860000, 0x00000000e95c2000, 0x0000000100000000)
 Metaspace       used 137214K, capacity 143908K, committed 144116K, reserved 1173504K
  class space    used 18469K, capacity 19928K, committed 19972K, reserved 1048576K
Event: 136,638 GC heap after
Heap after GC invocations=175 (full 8):
 par new generation   total 39296K, used 1666K [0x00000000d1200000, 0x00000000d3ca0000, 0x00000000db860000)
  eden space 34944K,   0% used [0x00000000d1200000, 0x00000000d1200000, 0x00000000d3420000)
  from space 4352K,  38% used [0x00000000d3860000, 0x00000000d3a00860, 0x00000000d3ca0000)
  to   space 4352K,   0% used [0x00000000d3420000, 0x00000000d3420000, 0x00000000d3860000)
 concurrent mark-sweep generation total 226696K, used 96040K [0x00000000db860000, 0x00000000e95c2000, 0x0000000100000000)
 Metaspace       used 137214K, capacity 143908K, committed 144116K, reserved 1173504K
  class space    used 18469K, capacity 19928K, committed 19972K, reserved 1048576K
}
Event: 136,806 GC heap before
{Heap before GC invocations=175 (full 8):
 par new generation   total 39296K, used 36549K [0x00000000d1200000, 0x00000000d3ca0000, 0x00000000db860000)
  eden space 34944K,  99% used [0x00000000d1200000, 0x00000000d3410cd8, 0x00000000d3420000)
  from space 4352K,  38% used [0x00000000d3860000, 0x00000000d3a00860, 0x00000000d3ca0000)
  to   space 4352K,   0% used [0x00000000d3420000, 0x00000000d3420000, 0x00000000d3860000)
 concurrent mark-sweep generation total 226696K, used 96040K [0x00000000db860000, 0x00000000e95c2000, 0x0000000100000000)
 Metaspace       used 137216K, capacity 143908K, committed 144116K, reserved 1173504K
  class space    used 18469K, capacity 19928K, committed 19972K, reserved 1048576K
Event: 136,812 GC heap after
Heap after GC invocations=176 (full 8):
 par new generation   total 39296K, used 1929K [0x00000000d1200000, 0x00000000d3ca0000, 0x00000000db860000)
  eden space 34944K,   0% used [0x00000000d1200000, 0x00000000d1200000, 0x00000000d3420000)
  from space 4352K,  44% used [0x00000000d3420000, 0x00000000d3602778, 0x00000000d3860000)
  to   space 4352K,   0% used [0x00000000d3860000, 0x00000000d3860000, 0x00000000d3ca0000)
 concurrent mark-sweep generation total 226696K, used 96040K [0x00000000db860000, 0x00000000e95c2000, 0x0000000100000000)
 Metaspace       used 137216K, capacity 143908K, committed 144116K, reserved 1173504K
  class space    used 18469K, capacity 19928K, committed 19972K, reserved 1048576K
}
Event: 137,126 GC heap before
{Heap before GC invocations=176 (full 8):
 par new generation   total 39296K, used 36873K [0x00000000d1200000, 0x00000000d3ca0000, 0x00000000db860000)
  eden space 34944K, 100% used [0x00000000d1200000, 0x00000000d3420000, 0x00000000d3420000)
  from space 4352K,  44% used [0x00000000d3420000, 0x00000000d3602778, 0x00000000d3860000)
  to   space 4352K,   0% used [0x00000000d3860000, 0x00000000d3860000, 0x00000000d3ca0000)
 concurrent mark-sweep generation total 226696K, used 96040K [0x00000000db860000, 0x00000000e95c2000, 0x0000000100000000)
 Metaspace       used 137232K, capacity 143908K, committed 144116K, reserved 1173504K
  class space    used 18469K, capacity 19928K, committed 19972K, reserved 1048576K
Event: 137,134 GC heap after
Heap after GC invocations=177 (full 8):
 par new generation   total 39296K, used 2715K [0x00000000d1200000, 0x00000000d3ca0000, 0x00000000db860000)
  eden space 34944K,   0% used [0x00000000d1200000, 0x00000000d1200000, 0x00000000d3420000)
  from space 4352K,  62% used [0x00000000d3860000, 0x00000000d3b06d98, 0x00000000d3ca0000)
  to   space 4352K,   0% used [0x00000000d3420000, 0x00000000d3420000, 0x00000000d3860000)
 concurrent mark-sweep generation total 226696K, used 96040K [0x00000000db860000, 0x00000000e95c2000, 0x0000000100000000)
 Metaspace       used 137232K, capacity 143908K, committed 144116K, reserved 1173504K
  class space    used 18469K, capacity 19928K, committed 19972K, reserved 1048576K
}

