# JRE version: OpenJDK Runtime Environment (8.0_112-b21) (build 1.8.0_112-release-736-b21)
# Java VM: OpenJDK 64-Bit Server VM (25.112-b21 mixed mode linux-amd64 compressed oops)
Heap:
 par new generation   total 39296K, used 5230K [0x00000000d1200000, 0x00000000d3ca0000, 0x00000000db860000)
  eden space 34944K,   2% used [0x00000000d1200000, 0x00000000d12db8e8, 0x00000000d3420000)
  from space 4352K, 100% used [0x00000000d3420000, 0x00000000d3860000, 0x00000000d3860000)
  to   space 4352K,   0% used [0x00000000d3860000, 0x00000000d3860000, 0x00000000d3ca0000)
 concurrent mark-sweep generation total 87424K, used 29630K [0x00000000db860000, 0x00000000e0dc0000, 0x0000000100000000)
 Metaspace       used 45128K, capacity 46462K, committed 46800K, reserved 1089536K
  class space    used 5472K, capacity 5798K, committed 5908K, reserved 1048576K
GC Heap History (10 events):
Event: 27,094 GC heap before
{Heap before GC invocations=3 (full 1):
 par new generation   total 39296K, used 39296K [0x00000000d1200000, 0x00000000d3ca0000, 0x00000000db860000)
  eden space 34944K, 100% used [0x00000000d1200000, 0x00000000d3420000, 0x00000000d3420000)
  from space 4352K, 100% used [0x00000000d3860000, 0x00000000d3ca0000, 0x00000000d3ca0000)
  to   space 4352K,   0% used [0x00000000d3420000, 0x00000000d3420000, 0x00000000d3860000)
 concurrent mark-sweep generation total 87424K, used 9206K [0x00000000db860000, 0x00000000e0dc0000, 0x0000000100000000)
 Metaspace       used 27970K, capacity 28494K, committed 28856K, reserved 1075200K
  class space    used 3271K, capacity 3374K, committed 3400K, reserved 1048576K
Event: 27,122 GC heap after
Heap after GC invocations=4 (full 1):
 par new generation   total 39296K, used 4352K [0x00000000d1200000, 0x00000000d3ca0000, 0x00000000db860000)
  eden space 34944K,   0% used [0x00000000d1200000, 0x00000000d1200000, 0x00000000d3420000)
  from space 4352K, 100% used [0x00000000d3420000, 0x00000000d3860000, 0x00000000d3860000)
  to   space 4352K,   0% used [0x00000000d3860000, 0x00000000d3860000, 0x00000000d3ca0000)
 concurrent mark-sweep generation total 87424K, used 17545K [0x00000000db860000, 0x00000000e0dc0000, 0x0000000100000000)
 Metaspace       used 27970K, capacity 28494K, committed 28856K, reserved 1075200K
  class space    used 3271K, capacity 3374K, committed 3400K, reserved 1048576K
}
Event: 29,922 GC heap before
{Heap before GC invocations=4 (full 1):
 par new generation   total 39296K, used 39296K [0x00000000d1200000, 0x00000000d3ca0000, 0x00000000db860000)
  eden space 34944K, 100% used [0x00000000d1200000, 0x00000000d3420000, 0x00000000d3420000)
  from space 4352K, 100% used [0x00000000d3420000, 0x00000000d3860000, 0x00000000d3860000)
  to   space 4352K,   0% used [0x00000000d3860000, 0x00000000d3860000, 0x00000000d3ca0000)
 concurrent mark-sweep generation total 87424K, used 13401K [0x00000000db860000, 0x00000000e0dc0000, 0x0000000100000000)
 Metaspace       used 29099K, capacity 29722K, committed 29904K, reserved 1075200K
  class space    used 3361K, capacity 3499K, committed 3604K, reserved 1048576K
Event: 29,957 GC heap after
Heap after GC invocations=5 (full 1):
 par new generation   total 39296K, used 4352K [0x00000000d1200000, 0x00000000d3ca0000, 0x00000000db860000)
  eden space 34944K,   0% used [0x00000000d1200000, 0x00000000d1200000, 0x00000000d3420000)
  from space 4352K, 100% used [0x00000000d3860000, 0x00000000d3ca0000, 0x00000000d3ca0000)
  to   space 4352K,   0% used [0x00000000d3420000, 0x00000000d3420000, 0x00000000d3860000)
 concurrent mark-sweep generation total 87424K, used 18536K [0x00000000db860000, 0x00000000e0dc0000, 0x0000000100000000)
 Metaspace       used 29099K, capacity 29722K, committed 29904K, reserved 1075200K
  class space    used 3361K, capacity 3499K, committed 3604K, reserved 1048576K
}
Event: 32,735 GC heap before
{Heap before GC invocations=5 (full 1):
 par new generation   total 39296K, used 39296K [0x00000000d1200000, 0x00000000d3ca0000, 0x00000000db860000)
  eden space 34944K, 100% used [0x00000000d1200000, 0x00000000d3420000, 0x00000000d3420000)
  from space 4352K, 100% used [0x00000000d3860000, 0x00000000d3ca0000, 0x00000000d3ca0000)
  to   space 4352K,   0% used [0x00000000d3420000, 0x00000000d3420000, 0x00000000d3860000)
 concurrent mark-sweep generation total 87424K, used 18536K [0x00000000db860000, 0x00000000e0dc0000, 0x0000000100000000)
 Metaspace       used 32238K, capacity 32912K, committed 33104K, reserved 1079296K
  class space    used 3784K, capacity 3943K, committed 3988K, reserved 1048576K
Event: 32,778 GC heap after
Heap after GC invocations=6 (full 1):
 par new generation   total 39296K, used 4318K [0x00000000d1200000, 0x00000000d3ca0000, 0x00000000db860000)
  eden space 34944K,   0% used [0x00000000d1200000, 0x00000000d1200000, 0x00000000d3420000)
  from space 4352K,  99% used [0x00000000d3420000, 0x00000000d38578f0, 0x00000000d3860000)
  to   space 4352K,   0% used [0x00000000d3860000, 0x00000000d3860000, 0x00000000d3ca0000)
 concurrent mark-sweep generation total 87424K, used 22969K [0x00000000db860000, 0x00000000e0dc0000, 0x0000000100000000)
 Metaspace       used 32238K, capacity 32912K, committed 33104K, reserved 1079296K
  class space    used 3784K, capacity 3943K, committed 3988K, reserved 1048576K
}
Event: 39,104 GC heap before
{Heap before GC invocations=6 (full 1):
 par new generation   total 39296K, used 39178K [0x00000000d1200000, 0x00000000d3ca0000, 0x00000000db860000)
  eden space 34944K,  99% used [0x00000000d1200000, 0x00000000d340af80, 0x00000000d3420000)
  from space 4352K,  99% used [0x00000000d3420000, 0x00000000d38578f0, 0x00000000d3860000)
  to   space 4352K,   0% used [0x00000000d3860000, 0x00000000d3860000, 0x00000000d3ca0000)
 concurrent mark-sweep generation total 87424K, used 22969K [0x00000000db860000, 0x00000000e0dc0000, 0x0000000100000000)
 Metaspace       used 38865K, capacity 39694K, committed 39888K, reserved 1085440K
  class space    used 4619K, capacity 4840K, committed 4884K, reserved 1048576K
Event: 39,123 GC heap after
Heap after GC invocations=7 (full 1):
 par new generation   total 39296K, used 4352K [0x00000000d1200000, 0x00000000d3ca0000, 0x00000000db860000)
  eden space 34944K,   0% used [0x00000000d1200000, 0x00000000d1200000, 0x00000000d3420000)
  from space 4352K, 100% used [0x00000000d3860000, 0x00000000d3ca0000, 0x00000000d3ca0000)
  to   space 4352K,   0% used [0x00000000d3420000, 0x00000000d3420000, 0x00000000d3860000)
 concurrent mark-sweep generation total 87424K, used 24242K [0x00000000db860000, 0x00000000e0dc0000, 0x0000000100000000)
 Metaspace       used 38865K, capacity 39694K, committed 39888K, reserved 1085440K
  class space    used 4619K, capacity 4840K, committed 4884K, reserved 1048576K
}
Event: 43,114 GC heap before
{Heap before GC invocations=7 (full 1):
 par new generation   total 39296K, used 39296K [0x00000000d1200000, 0x00000000d3ca0000, 0x00000000db860000)
  eden space 34944K, 100% used [0x00000000d1200000, 0x00000000d3420000, 0x00000000d3420000)
  from space 4352K, 100% used [0x00000000d3860000, 0x00000000d3ca0000, 0x00000000d3ca0000)
  to   space 4352K,   0% used [0x00000000d3420000, 0x00000000d3420000, 0x00000000d3860000)
 concurrent mark-sweep generation total 87424K, used 24242K [0x00000000db860000, 0x00000000e0dc0000, 0x0000000100000000)
 Metaspace       used 45009K, capacity 46362K, committed 46544K, reserved 1089536K
  class space    used 5453K, capacity 5793K, committed 5908K, reserved 1048576K
Event: 43,143 GC heap after
Heap after GC invocations=8 (full 1):
 par new generation   total 39296K, used 4352K [0x00000000d1200000, 0x00000000d3ca0000, 0x00000000db860000)
  eden space 34944K,   0% used [0x00000000d1200000, 0x00000000d1200000, 0x00000000d3420000)
  from space 4352K, 100% used [0x00000000d3420000, 0x00000000d3860000, 0x00000000d3860000)
  to   space 4352K,   0% used [0x00000000d3860000, 0x00000000d3860000, 0x00000000d3ca0000)
 concurrent mark-sweep generation total 87424K, used 29630K [0x00000000db860000, 0x00000000e0dc0000, 0x0000000100000000)
 Metaspace       used 45009K, capacity 46362K, committed 46544K, reserved 1089536K
  class space    used 5453K, capacity 5793K, committed 5908K, reserved 1048576K
}

