# JRE version: OpenJDK Runtime Environment (8.0_112-b21) (build 1.8.0_112-release-736-b21)
# Java VM: OpenJDK 64-Bit Server VM (25.112-b21 mixed mode linux-amd64 compressed oops)
Heap:
 par new generation   total 39296K, used 19282K [0x00000000d1200000, 0x00000000d3ca0000, 0x00000000db860000)
  eden space 34944K,  42% used [0x00000000d1200000, 0x00000000d20949e0, 0x00000000d3420000)
  from space 4352K, 100% used [0x00000000d3420000, 0x00000000d3860000, 0x00000000d3860000)
  to   space 4352K,   0% used [0x00000000d3860000, 0x00000000d3860000, 0x00000000d3ca0000)
 concurrent mark-sweep generation total 235376K, used 115426K [0x00000000db860000, 0x00000000e9e3c000, 0x0000000100000000)
 Metaspace       used 146908K, capacity 154176K, committed 154276K, reserved 1181696K
  class space    used 20449K, capacity 22067K, committed 22080K, reserved 1048576K
GC Heap History (10 events):
Event: 88,131 GC heap before
{Heap before GC invocations=145 (full 9):
 par new generation   total 39296K, used 38480K [0x00000000d1200000, 0x00000000d3ca0000, 0x00000000db860000)
  eden space 34944K, 100% used [0x00000000d1200000, 0x00000000d3420000, 0x00000000d3420000)
  from space 4352K,  81% used [0x00000000d3860000, 0x00000000d3bd4040, 0x00000000d3ca0000)
  to   space 4352K,   0% used [0x00000000d3420000, 0x00000000d3420000, 0x00000000d3860000)
 concurrent mark-sweep generation total 235376K, used 197087K [0x00000000db860000, 0x00000000e9e3c000, 0x0000000100000000)
 Metaspace       used 146905K, capacity 154176K, committed 154276K, reserved 1181696K
  class space    used 20449K, capacity 22067K, committed 22080K, reserved 1048576K
Event: 88,150 GC heap after
Heap after GC invocations=146 (full 9):
 par new generation   total 39296K, used 4352K [0x00000000d1200000, 0x00000000d3ca0000, 0x00000000db860000)
  eden space 34944K,   0% used [0x00000000d1200000, 0x00000000d1200000, 0x00000000d3420000)
  from space 4352K, 100% used [0x00000000d3420000, 0x00000000d3860000, 0x00000000d3860000)
  to   space 4352K,   0% used [0x00000000d3860000, 0x00000000d3860000, 0x00000000d3ca0000)
 concurrent mark-sweep generation total 235376K, used 198265K [0x00000000db860000, 0x00000000e9e3c000, 0x0000000100000000)
 Metaspace       used 146905K, capacity 154176K, committed 154276K, reserved 1181696K
  class space    used 20449K, capacity 22067K, committed 22080K, reserved 1048576K
}
Event: 88,229 GC heap before
{Heap before GC invocations=146 (full 9):
 par new generation   total 39296K, used 39296K [0x00000000d1200000, 0x00000000d3ca0000, 0x00000000db860000)
  eden space 34944K, 100% used [0x00000000d1200000, 0x00000000d3420000, 0x00000000d3420000)
  from space 4352K, 100% used [0x00000000d3420000, 0x00000000d3860000, 0x00000000d3860000)
  to   space 4352K,   0% used [0x00000000d3860000, 0x00000000d3860000, 0x00000000d3ca0000)
 concurrent mark-sweep generation total 235376K, used 198265K [0x00000000db860000, 0x00000000e9e3c000, 0x0000000100000000)
 Metaspace       used 146905K, capacity 154176K, committed 154276K, reserved 1181696K
  class space    used 20449K, capacity 22067K, committed 22080K, reserved 1048576K
Event: 88,247 GC heap after
Heap after GC invocations=147 (full 9):
 par new generation   total 39296K, used 3838K [0x00000000d1200000, 0x00000000d3ca0000, 0x00000000db860000)
  eden space 34944K,   0% used [0x00000000d1200000, 0x00000000d1200000, 0x00000000d3420000)
  from space 4352K,  88% used [0x00000000d3860000, 0x00000000d3c1fb28, 0x00000000d3ca0000)
  to   space 4352K,   0% used [0x00000000d3420000, 0x00000000d3420000, 0x00000000d3860000)
 concurrent mark-sweep generation total 235376K, used 202307K [0x00000000db860000, 0x00000000e9e3c000, 0x0000000100000000)
 Metaspace       used 146905K, capacity 154176K, committed 154276K, reserved 1181696K
  class space    used 20449K, capacity 22067K, committed 22080K, reserved 1048576K
}
Event: 88,522 GC heap before
{Heap before GC invocations=147 (full 10):
 par new generation   total 39296K, used 38782K [0x00000000d1200000, 0x00000000d3ca0000, 0x00000000db860000)
  eden space 34944K, 100% used [0x00000000d1200000, 0x00000000d3420000, 0x00000000d3420000)
  from space 4352K,  88% used [0x00000000d3860000, 0x00000000d3c1fb28, 0x00000000d3ca0000)
  to   space 4352K,   0% used [0x00000000d3420000, 0x00000000d3420000, 0x00000000d3860000)
 concurrent mark-sweep generation total 235376K, used 202307K [0x00000000db860000, 0x00000000e9e3c000, 0x0000000100000000)
 Metaspace       used 146906K, capacity 154176K, committed 154276K, reserved 1181696K
  class space    used 20449K, capacity 22067K, committed 22080K, reserved 1048576K
Event: 88,529 GC heap after
Heap after GC invocations=148 (full 10):
 par new generation   total 39296K, used 3629K [0x00000000d1200000, 0x00000000d3ca0000, 0x00000000db860000)
  eden space 34944K,   0% used [0x00000000d1200000, 0x00000000d1200000, 0x00000000d3420000)
  from space 4352K,  83% used [0x00000000d3420000, 0x00000000d37ab568, 0x00000000d3860000)
  to   space 4352K,   0% used [0x00000000d3860000, 0x00000000d3860000, 0x00000000d3ca0000)
 concurrent mark-sweep generation total 235376K, used 202307K [0x00000000db860000, 0x00000000e9e3c000, 0x0000000100000000)
 Metaspace       used 146906K, capacity 154176K, committed 154276K, reserved 1181696K
  class space    used 20449K, capacity 22067K, committed 22080K, reserved 1048576K
}
Event: 88,913 GC heap before
{Heap before GC invocations=148 (full 10):
 par new generation   total 39296K, used 38573K [0x00000000d1200000, 0x00000000d3ca0000, 0x00000000db860000)
  eden space 34944K, 100% used [0x00000000d1200000, 0x00000000d3420000, 0x00000000d3420000)
  from space 4352K,  83% used [0x00000000d3420000, 0x00000000d37ab568, 0x00000000d3860000)
  to   space 4352K,   0% used [0x00000000d3860000, 0x00000000d3860000, 0x00000000d3ca0000)
 concurrent mark-sweep generation total 235376K, used 202307K [0x00000000db860000, 0x00000000e9e3c000, 0x0000000100000000)
 Metaspace       used 146908K, capacity 154176K, committed 154276K, reserved 1181696K
  class space    used 20449K, capacity 22067K, committed 22080K, reserved 1048576K
Event: 88,931 GC heap after
Heap after GC invocations=149 (full 10):
 par new generation   total 39296K, used 4352K [0x00000000d1200000, 0x00000000d3ca0000, 0x00000000db860000)
  eden space 34944K,   0% used [0x00000000d1200000, 0x00000000d1200000, 0x00000000d3420000)
  from space 4352K, 100% used [0x00000000d3860000, 0x00000000d3ca0000, 0x00000000d3ca0000)
  to   space 4352K,   0% used [0x00000000d3420000, 0x00000000d3420000, 0x00000000d3860000)
 concurrent mark-sweep generation total 235376K, used 202995K [0x00000000db860000, 0x00000000e9e3c000, 0x0000000100000000)
 Metaspace       used 146908K, capacity 154176K, committed 154276K, reserved 1181696K
  class space    used 20449K, capacity 22067K, committed 22080K, reserved 1048576K
}
Event: 89,621 GC heap before
{Heap before GC invocations=149 (full 10):
 par new generation   total 39296K, used 39296K [0x00000000d1200000, 0x00000000d3ca0000, 0x00000000db860000)
  eden space 34944K, 100% used [0x00000000d1200000, 0x00000000d3420000, 0x00000000d3420000)
  from space 4352K, 100% used [0x00000000d3860000, 0x00000000d3ca0000, 0x00000000d3ca0000)
  to   space 4352K,   0% used [0x00000000d3420000, 0x00000000d3420000, 0x00000000d3860000)
 concurrent mark-sweep generation total 235376K, used 151059K [0x00000000db860000, 0x00000000e9e3c000, 0x0000000100000000)
 Metaspace       used 146908K, capacity 154176K, committed 154276K, reserved 1181696K
  class space    used 20449K, capacity 22067K, committed 22080K, reserved 1048576K
Event: 89,647 GC heap after
Heap after GC invocations=150 (full 10):
 par new generation   total 39296K, used 4352K [0x00000000d1200000, 0x00000000d3ca0000, 0x00000000db860000)
  eden space 34944K,   0% used [0x00000000d1200000, 0x00000000d1200000, 0x00000000d3420000)
  from space 4352K, 100% used [0x00000000d3420000, 0x00000000d3860000, 0x00000000d3860000)
  to   space 4352K,   0% used [0x00000000d3860000, 0x00000000d3860000, 0x00000000d3ca0000)
 concurrent mark-sweep generation total 235376K, used 152389K [0x00000000db860000, 0x00000000e9e3c000, 0x0000000100000000)
 Metaspace       used 146908K, capacity 154176K, committed 154276K, reserved 1181696K
  class space    used 20449K, capacity 22067K, committed 22080K, reserved 1048576K
}

